<?xml version="1.0" encoding="UTF-8"?>
<testng-results skipped="0" failed="0" total="1" passed="1">
  <reporter-output>
  </reporter-output>
  <suite name="Suite" duration-ms="32912" started-at="2015-12-18T10:52:23Z" finished-at="2015-12-18T10:52:56Z">
    <groups>
    </groups>
    <test name="Test1" duration-ms="32912" started-at="2015-12-18T10:52:23Z" finished-at="2015-12-18T10:52:56Z">
      <class name="TestSuites.WishList">
        <test-method status="PASS" signature="test()[pri:0, instance:TestSuites.WishList@35ab3062]" name="test" is-config="true" duration-ms="26988" started-at="2015-12-18T16:22:23Z" finished-at="2015-12-18T16:22:50Z">
          <reporter-output>
          </reporter-output>
        </test-method> <!-- test -->
        <test-method status="PASS" signature="wishlist()[pri:0, instance:TestSuites.WishList@35ab3062]" name="wishlist" duration-ms="5905" started-at="2015-12-18T16:22:50Z" finished-at="2015-12-18T16:22:56Z">
          <reporter-output>
          </reporter-output>
        </test-method> <!-- wishlist -->
      </class> <!-- TestSuites.WishList -->
    </test> <!-- Test1 -->
  </suite> <!-- Suite -->
</testng-results>
